RemoteControlService/proguard/seeds.txt
com.imt.remote.remotecontrol.BootCompletedReceiver
com.imt.remote.remotecontrol.BootCompletedReceiver: BootCompletedReceiver()
com.imt.remote.remotecontrol.OutputDialog
com.imt.remote.remotecontrol.OutputDialog: OutputDialog()
com.imt.remote.remotecontrol.R$drawable: int ic_launcher
com.imt.remote.remotecontrol.R$id: int button
com.imt.remote.remotecontrol.R$id: int button1
com.imt.remote.remotecontrol.R$id: int button2
com.imt.remote.remotecontrol.R$id: int menu_settings
com.imt.remote.remotecontrol.R$id: int out_title
com.imt.remote.remotecontrol.R$id: int output_code
com.imt.remote.remotecontrol.R$id: int widget29
com.imt.remote.remotecontrol.R$id: int widget33
com.imt.remote.remotecontrol.R$id: int widget35
com.imt.remote.remotecontrol.R$layout: int activity_main
com.imt.remote.remotecontrol.R$layout: int dialog
com.imt.remote.remotecontrol.R$layout: int test
com.imt.remote.remotecontrol.R$menu: int activity_main
com.imt.remote.remotecontrol.R$raw: int tserver
com.imt.remote.remotecontrol.R$string: int app_name
com.imt.remote.remotecontrol.R$string: int button1
com.imt.remote.remotecontrol.R$string: int button2
com.imt.remote.remotecontrol.R$string: int hello_world
com.imt.remote.remotecontrol.R$string: int menu_settings
com.imt.remote.remotecontrol.R$string: int please_input_code
com.imt.remote.remotecontrol.R$string: int please_input_code_message1
com.imt.remote.remotecontrol.R$string: int please_input_code_message2
com.imt.remote.remotecontrol.R$string: int please_input_code_title
com.imt.remote.remotecontrol.R$style: int AppBaseTheme
com.imt.remote.remotecontrol.R$style: int AppTheme
com.imt.remote.remotecontrol.RemoteControlServices
com.imt.remote.remotecontrol.RemoteControlServices: RemoteControlServices()
...
org.bouncycastle.jce.provider.JCEMac$DES
org.bouncycastle.jce.provider.JCEMac$DES: JCEMac$DES()
org.bouncycastle.jce.provider.JCEMac$DES9797Alg3
org.bouncycastle.jce.provider.JCEMac$DES9797Alg3: JCEMac$DES9797Alg3()
org.bouncycastle.jce.provider.JCEMac$DES9797Alg3with7816d4
org.bouncycastle.jce.provider.JCEMac$DES9797Alg3with7816d4: JCEMac$DES9797Alg3with7816d4()
org.bouncycastle.jce.provider.JCEMac$DESCFB8
org.bouncycastle.jce.provider.JCEMac$DESCFB8: JCEMac$DESCFB8()
org.bouncycastle.jce.provider.JCEMac$DESede
org.bouncycastle.jce.provider.JCEMac$DESede: JCEMac$DESede()
org.bouncycastle.jce.provider.JCEMac$DESede64
org.bouncycastle.jce.provider.JCEMac$DESede64: JCEMac$DESede64()
org.bouncycastle.jce.provider.JCEMac$DESede64with7816d4
org.bouncycastle.jce.provider.JCEMac$DESede64with7816d4: JCEMac$DESede64with7816d4()
org.bouncycastle.jce.provider.JCEMac$DESedeCFB8
org.bouncycastle.jce.provider.JCEMac$DESedeCFB8: JCEMac$DESedeCFB8()
org.bouncycastle.jce.provider.JCEMac$GOST28147
org.bouncycastle.jce.provider.JCEMac$GOST28147: JCEMac$GOST28147()
org.bouncycastle.jce.provider.JCEMac$MD2
org.bouncycastle.jce.provider.JCEMac$MD2: JCEMac$MD2()
org.bouncycastle.jce.provider.JCEMac$MD4
org.bouncycastle.jce.provider.JCEMac$MD4: JCEMac$MD4()
org.bouncycastle.jce.provider.JCEMac$MD5
org.bouncycastle.jce.provider.JCEMac$MD5: JCEMac$MD5()
org.bouncycastle.jce.provider.JCEMac$OldSHA384
org.bouncycastle.jce.provider.JCEMac$OldSHA384: JCEMac$OldSHA384()
org.bouncycastle.jce.provider.JCEMac$OldSHA512
org.bouncycastle.jce.provider.JCEMac$OldSHA512: JCEMac$OldSHA512()
org.bouncycastle.jce.provider.JCEMac$PBEWithRIPEMD160
org.bouncycastle.jce.provider.JCEMac$PBEWithRIPEMD160: JCEMac$PBEWithRIPEMD160()
org.bouncycastle.jce.provider.JCEMac$PBEWithSHA
org.bouncycastle.jce.provider.JCEMac$PBEWithSHA: JCEMac$PBEWithSHA()
org.bouncycastle.jce.provider.JCEMac$PBEWithTiger
org.bouncycastle.jce.provider.JCEMac$PBEWithTiger: JCEMac$PBEWithTiger()
org.bouncycastle.jce.provider.JCEMac$RC2
org.bouncycastle.jce.provider.JCEMac$RC2: JCEMac$RC2()
org.bouncycastle.jce.provider.JCEMac$RC2CFB8
org.bouncycastle.jce.provider.JCEMac$RC2CFB8: JCEMac$RC2CFB8()
org.bouncycastle.jce.provider.JCEMac$RC5
org.bouncycastle.jce.provider.JCEMac$RC5: JCEMac$RC5()
org.bouncycastle.jce.provider.JCEMac$RC5CFB8
org.bouncycastle.jce.provider.JCEMac$RC5CFB8: JCEMac$RC5CFB8()
org.bouncycastle.jce.provider.JCEMac$RIPEMD128
org.bouncycastle.jce.provider.JCEMac$RIPEMD128: JCEMac$RIPEMD128()
org.bouncycastle.jce.provider.JCEMac$RIPEMD160
org.bouncycastle.jce.provider.JCEMac$RIPEMD160: JCEMac$RIPEMD160()
org.bouncycastle.jce.provider.JCEMac$SHA1
org.bouncycastle.jce.provider.JCEMac$SHA1: JCEMac$SHA1()
org.bouncycastle.jce.provider.JCEMac$SHA224
org.bouncycastle.jce.provider.JCEMac$SHA224: JCEMac$SHA224()
org.bouncycastle.jce.provider.JCEMac$SHA256
org.bouncycastle.jce.provider.JCEMac$SHA256: JCEMac$SHA256()
org.bouncycastle.jce.provider.JCEMac$SHA384
org.bouncycastle.jce.provider.JCEMac$SHA384: JCEMac$SHA384()
org.bouncycastle.jce.provider.JCEMac$SHA512
org.bouncycastle.jce.provider.JCEMac$SHA512: JCEMac$SHA512()
org.bouncycastle.jce.provider.JCEMac$Skipjack
org.bouncycastle.jce.provider.JCEMac$Skipjack: JCEMac$Skipjack()
org.bouncycastle.jce.provider.JCEMac$SkipjackCFB8
org.bouncycastle.jce.provider.JCEMac$SkipjackCFB8: JCEMac$SkipjackCFB8()
org.bouncycastle.jce.provider.JCEMac$Tiger
org.bouncycastle.jce.provider.JCEMac$Tiger: JCEMac$Tiger()
org.bouncycastle.jce.provider.JCEMac$VMPC
org.bouncycastle.jce.provider.JCEMac$VMPC: JCEMac$VMPC()