RemoteControlService/proguard/mapping.txt
com.imt.remote.remotecontrol.BootCompletedReceiver -> com.imt.remote.remotecontrol.BootCompletedReceiver:
    android.content.SharedPreferences settingPreferences -> a
    java.lang.String packagename -> b
    java.lang.String filename -> c
    java.lang.String TAG -> d
    void onReceive(android.content.Context,android.content.Intent) -> onReceive
com.imt.remote.remotecontrol.KeyStoreManager -> com.imt.remote.remotecontrol.a:
    char[] KEYSTORE_PASSWORD -> a
    android.content.Context mContext -> b
    java.security.KeyStore mKeyStore -> c
    java.security.KeyStore load() -> e
    boolean hasServerIdentityAlias() -> a
    void initializeKeyStore(java.lang.String) -> a
    java.security.KeyStore createKeyStore() -> f
    void store(java.security.KeyStore) -> a
    void store() -> b
    java.lang.String getCertificateName(java.lang.String) -> b
    javax.net.ssl.KeyManager[] getKeyManagers() -> c
    javax.net.ssl.TrustManager[] getTrustManagers() -> d
    void storeCertificate(java.security.cert.Certificate) -> a
    void clearKeyStore() -> g
com.imt.remote.remotecontrol.OutputDialog -> com.imt.remote.remotecontrol.OutputDialog:
    android.widget.TextView displayView -> a
    android.widget.TextView displaytitle -> b
    java.lang.String DISMISS_ACTIVITY -> c
    android.content.IntentFilter mIntentFilter -> d
    android.content.BroadcastReceiver mReceiver -> e
    void onCreate(android.os.Bundle) -> onCreate
    void onResume() -> onResume
    void onDestroy() -> onDestroy
    java.lang.String access$0(com.imt.remote.remotecontrol.OutputDialog) -> a
com.imt.remote.remotecontrol.OutputDialog$1 -> com.imt.remote.remotecontrol.b:
    com.imt.remote.remotecontrol.OutputDialog this$0 -> a
    void onReceive(android.content.Context,android.content.Intent) -> onReceive
com.imt.remote.remotecontrol.RemoteControlServices -> com.imt.remote.remotecontrol.RemoteControlServices:
    java.net.ServerSocket serverSocket -> a
    com.reveive.protocol.TcpServer tcpServer -> c
    com.reveive.protocol.UdpServer udpServer -> d
    com.reveive.protocol.PairingServer pairingServer -> e
    java.lang.String TAG -> f
    android.os.Handler handler -> b
    android.os.IBinder onBind(android.content.Intent) -> onBind
    void onStart(android.content.Intent,int) -> onStart
    void onDestroy() -> onDestroy
    void serviceStart() -> a
    void serviceStop() -> b
    void showVercifyDialog(android.os.Message) -> a
    java.lang.String getUniqueId() -> c
    com.reveive.protocol.TcpServer access$0(com.imt.remote.remotecontrol.RemoteControlServices) -> a
    com.reveive.protocol.PairingServer access$1(com.imt.remote.remotecontrol.RemoteControlServices) -> b
    java.lang.String access$2(com.imt.remote.remotecontrol.RemoteControlServices) -> c
    void access$3(com.imt.remote.remotecontrol.RemoteControlServices,android.os.Message) -> a
com.imt.remote.remotecontrol.RemoteControlServices$1 -> com.imt.remote.remotecontrol.c:
    com.imt.remote.remotecontrol.RemoteControlServices this$0 -> a
    void handleMessage(android.os.Message) -> handleMessage
...
com.reveive.protocol.PairingServer$2 -> com.a.a.m:
    com.reveive.protocol.PairingServer this$0 -> a
    void onSessionEnded(com.google.polo.pairing.PairingSession) -> onSessionEnded
    void onSessionCreated(com.google.polo.pairing.PairingSession) -> onSessionCreated
    void onPerformOutputDeviceRole(com.google.polo.pairing.PairingSession,byte[]) -> onPerformOutputDeviceRole
    void onPerformInputDeviceRole(com.google.polo.pairing.PairingSession) -> onPerformInputDeviceRole
    void onLogMessage(com.google.polo.pairing.PairingListener$LogLevel,java.lang.String) -> onLogMessage
com.reveive.protocol.RemoteControlRequest -> com.a.a.n:
    int controlType -> b
    int length -> c
    byte[] data -> d
    com.rockchip.remotecontrol.protocol.UDPSocket uSocket -> e
    java.lang.String requestHost -> f
    int requestPort -> g
    boolean isBadMsg -> a
    byte[] encodeData() -> a
    boolean post(int) -> a
    byte[] encodeMessage() -> b
    void fillData(byte[],byte[],int,int) -> a
    void setControlType(int) -> b
    void setRequestHost(java.lang.String) -> a
com.reveive.protocol.TcpServer -> com.a.a.o:
    java.lang.String TAG -> a
    android.content.Context context -> b
    com.reveive.protocol.AnymoteReceive receive -> c
    com.reveive.protocol.TcpServer$ConnectionStatus currentConnectState -> d
    boolean SERVER_RUNNING -> e
    javax.net.ssl.SSLServerSocket server -> f
    android.os.Handler handler -> g
    void run() -> run
    void close() -> a
    boolean getMainThreadState() -> b
    javax.net.ssl.SSLServerSocket getsslServerSocket(android.content.Context) -> a
    void handleResponse(javax.net.ssl.SSLSocket) -> a
    java.lang.String access$0(com.reveive.protocol.TcpServer) -> a
com.reveive.protocol.TcpServer$1 -> com.a.a.p:
    com.reveive.protocol.TcpServer this$0 -> a
    void handshakeCompleted(javax.net.ssl.HandshakeCompletedEvent) -> handshakeCompleted
com.reveive.protocol.TcpServer$ConnectionStatus -> com.a.a.q:
    com.reveive.protocol.TcpServer$ConnectionStatus OK -> a
    com.reveive.protocol.TcpServer$ConnectionStatus ERROR_CREATE -> b
    com.reveive.protocol.TcpServer$ConnectionStatus ERROR_HANDSHAKE -> c
    com.reveive.protocol.TcpServer$ConnectionStatus[] ENUM$VALUES -> d
    com.reveive.protocol.TcpServer$ConnectionStatus[] values() -> values
    com.reveive.protocol.TcpServer$ConnectionStatus valueOf(java.lang.String) -> valueOf
com.reveive.protocol.UdpServer -> com.a.a.r:
    int port -> a
    boolean RUNNING_THREAD -> b
    java.lang.String TAG -> c
    android.os.Handler handler -> d
    java.net.DatagramSocket server -> e
    void run() -> run
    void close() -> a
    void handlePacket(java.net.DatagramPacket) -> a
com.reveive.protocol.Utils -> com.a.a.s:
    com.imt.remote.remotecontrol.KeyStoreManager keyStoreManager -> a
    void print(java.lang.String,java.lang.String) -> a
    com.imt.remote.remotecontrol.KeyStoreManager getKeyStoreManager(android.content.Context) -> a
com.rockchip.remotecontrol.common.DeviceInfo -> com.rockchip.remotecontrol.common.DeviceInfo:
    java.lang.String mDeviceName -> a
    java.lang.String mDeviceAddress -> b
    java.lang.Long mTime -> c
    int mDeviceIconId -> d
    android.os.Parcelable$Creator CREATOR -> CREATOR
    java.lang.String getDeviceAddress() -> a
    boolean equals(java.lang.Object) -> equals
    int describeContents() -> describeContents
    void writeToParcel(android.os.Parcel,int) -> writeToParcel
    void access$0(com.rockchip.remotecontrol.common.DeviceInfo,java.lang.String) -> a
    void access$1(com.rockchip.remotecontrol.common.DeviceInfo,java.lang.String) -> b
    void access$2(com.rockchip.remotecontrol.common.DeviceInfo,java.lang.Long) -> a
    void access$3(com.rockchip.remotecontrol.common.DeviceInfo,int) -> a