RemoteControlService/proguard/usage.txt
com.imt.remote.remotecontrol.BuildConfig
com.imt.remote.remotecontrol.KeyStoreManager:
    private static final java.lang.String LOG_TAG
    private static final java.lang.String KEYSTORE_FILENAME
    private static final java.lang.String LOCAL_IDENTITY_ALIAS
    private static final java.lang.String REMOTE_IDENTITY_ALIAS_PATTERN
com.imt.remote.remotecontrol.MainActivity
com.imt.remote.remotecontrol.MainActivity$1
com.imt.remote.remotecontrol.R
com.imt.remote.remotecontrol.R$attr
com.imt.remote.remotecontrol.R$drawable
com.imt.remote.remotecontrol.R$id
com.imt.remote.remotecontrol.R$layout
com.imt.remote.remotecontrol.R$menu
com.imt.remote.remotecontrol.R$raw
com.imt.remote.remotecontrol.R$string
com.imt.remote.remotecontrol.R$style
com.imt.remote.remotecontrol.RemoteControlServices:
    public static final int START_CONNECT
    public static final int START_PAIR_CONNECT
    public static final int SHOW_VERCIFY_DIALOG
com.imt.remote.remotecontrol.Test
com.imt.remote.remotecontrol.Test$1
com.imt.remote.remotecontrol.Test$2
com.imt.remote.remotecontrol.Test$3
...
com.reveive.protocol.Commands$6
com.reveive.protocol.DummySender
com.reveive.protocol.ICommandSender
com.reveive.protocol.KeycodeMap:
    private static final int SHIFT_FWCH
com.reveive.protocol.PairingServer:
    158:171:public java.net.InetAddress getLocalAddress()
    259:272:public void getIn(javax.net.ssl.SSLSocket)
com.reveive.protocol.ProtocolConstants
com.reveive.protocol.QueuingSender
com.reveive.protocol.QueuingSender$1
com.reveive.protocol.QueuingSender$MissingAction
com.reveive.protocol.QueuingSender$MissingSenderListener
com.reveive.protocol.RemoteControlRequest:
    private static final java.lang.String TAG
    private static final boolean DEBUG
    public static final int REMOTE_CONTROL_PORT
    public static final int MIN_MSG_LEN
    26:27:private void LOG(java.lang.String)
    33:36:public RemoteControlRequest(byte[])
    38:40:public RemoteControlRequest(com.rockchip.remotecontrol.protocol.UDPPacket)
    49:49:protected void decodeData(byte[])
    65:68:public boolean close()
    72:75:public void setRequestHost(com.rockchip.remotecontrol.common.DeviceInfo)
    100:122:public void decodeMessage(byte[])
    136:144:public byte[] fetchData(byte[],int,int)
    148:148:public int getControlType()
    152:152:public int getCommandType()
    160:161:public int getLength()
    166:167:public void setLength(int)
    169:170:public java.lang.String getStringData()
    173:173:public byte[] getData()
    182:182:public java.lang.String getRequestHost()
    186:187:public void setRequestPort(int)
    190:190:public int getRequestPort()
    193:193:public boolean isBadData()
com.reveive.protocol.TcpServer:
    160:173:public java.net.InetAddress getLocalAddress()
com.reveive.protocol.Utils:
    24:24:public Utils()
    31:44:public static java.net.InetAddress getLocalAddress()
    55:80:public static javax.net.ssl.SSLServerSocket getSslSocket(android.content.Context)
com.rockchip.remotecontrol.common.DeviceCache
com.rockchip.remotecontrol.common.DeviceCache$DeviceChangeListener
com.rockchip.remotecontrol.common.DeviceCacheWatcher
com.rockchip.remotecontrol.common.DeviceInfo:
    36:41:public DeviceInfo(com.rockchip.remotecontrol.common.DeviceInfo)
    44:48:public void setDeviceInfo(com.rockchip.remotecontrol.common.DeviceInfo)
    52:52:public java.lang.String getDeviceName()
    57:58:public void setDeviceName(java.lang.String)
    67:68:public void setDeviceAddress(java.lang.String)
    72:72:public java.lang.Long getTime()
    77:78:public void setTime(java.lang.Long)
    82:82:public int getDeviceIconId()
    87:88:public void setDeviceIconId(int)
com.rockchip.remotecontrol.common.IDeviceService
com.rockchip.remotecontrol.common.RCConstants
com.rockchip.remotecontrol.common.impl.DeviceManager
com.rockchip.remotecontrol.common.impl.DeviceManager$1
com.rockchip.remotecontrol.common.impl.DeviceManager$2
com.rockchip.remotecontrol.common.impl.DeviceManager$BinderListener
com.rockchip.remotecontrol.common.impl.DeviceManager$onDeviceChangeListener
com.rockchip.remotecontrol.common.impl.DeviceService
com.rockchip.remotecontrol.common.impl.DeviceService$1
com.rockchip.remotecontrol.common.impl.DeviceService$2
com.rockchip.remotecontrol.common.impl.DeviceService$DeviceServiceBinder
com.rockchip.remotecontrol.protocol.ControlSocket
com.rockchip.remotecontrol.protocol.ControlSocket$RequestListener